
===========================================================================
 report_power
============================================================================
======================= Fastest Corner ===================================

Group                  Internal  Switching    Leakage      Total
                          Power      Power      Power      Power (Watts)
----------------------------------------------------------------
Sequential             3.42e-04   3.65e-04   8.18e-09   7.07e-04  56.1%
Combinational          2.29e-04   3.25e-04   1.57e-07   5.54e-04  43.9%
Clock                 -4.74e-10   0.00e+00   3.48e-08   3.43e-08   0.0%
Macro                  0.00e+00   0.00e+00   0.00e+00   0.00e+00   0.0%
Pad                    0.00e+00   0.00e+00   0.00e+00   0.00e+00   0.0%
----------------------------------------------------------------
Total                  5.71e-04   6.90e-04   2.00e-07   1.26e-03 100.0%
                          45.3%      54.7%       0.0%

======================= Slowest Corner ===================================

Group                  Internal  Switching    Leakage      Total
                          Power      Power      Power      Power (Watts)
----------------------------------------------------------------
Sequential             2.42e-04   2.41e-04   7.10e-06   4.90e-04  51.4%
Combinational          1.71e-04   2.13e-04   7.89e-05   4.63e-04  48.6%
Clock                 -1.75e-10   0.00e+00   3.49e-08   3.47e-08   0.0%
Macro                  0.00e+00   0.00e+00   0.00e+00   0.00e+00   0.0%
Pad                    0.00e+00   0.00e+00   0.00e+00   0.00e+00   0.0%
----------------------------------------------------------------
Total                  4.12e-04   4.54e-04   8.61e-05   9.53e-04 100.0%
                          43.3%      47.7%       9.0%

======================= Typical Corner ===================================

Group                  Internal  Switching    Leakage      Total
                          Power      Power      Power      Power (Watts)
----------------------------------------------------------------
Sequential             3.00e-04   3.08e-04   4.11e-09   6.08e-04  55.8%
Combinational          2.09e-04   2.73e-04   6.44e-08   4.82e-04  44.2%
Clock                  4.89e-11   0.00e+00   3.48e-08   3.48e-08   0.0%
Macro                  0.00e+00   0.00e+00   0.00e+00   0.00e+00   0.0%
Pad                    0.00e+00   0.00e+00   0.00e+00   0.00e+00   0.0%
----------------------------------------------------------------
Total                  5.09e-04   5.81e-04   1.03e-07   1.09e-03 100.0%
                          46.7%      53.3%       0.0%

