
===========================================================================
 report_power
============================================================================
======================= Fastest Corner ===================================

Group                  Internal  Switching    Leakage      Total
                          Power      Power      Power      Power (Watts)
----------------------------------------------------------------
Sequential             3.42e-04   3.89e-04   8.18e-09   7.30e-04  55.8%
Combinational          2.29e-04   3.49e-04   1.57e-07   5.78e-04  44.2%
Clock                 -5.08e-10   0.00e+00   3.48e-08   3.43e-08   0.0%
Macro                  0.00e+00   0.00e+00   0.00e+00   0.00e+00   0.0%
Pad                    0.00e+00   0.00e+00   0.00e+00   0.00e+00   0.0%
----------------------------------------------------------------
Total                  5.71e-04   7.37e-04   2.00e-07   1.31e-03 100.0%
                          43.6%      56.4%       0.0%

======================= Slowest Corner ===================================

Group                  Internal  Switching    Leakage      Total
                          Power      Power      Power      Power (Watts)
----------------------------------------------------------------
Sequential             2.42e-04   2.57e-04   7.10e-06   5.06e-04  51.4%
Combinational          1.71e-04   2.29e-04   7.89e-05   4.79e-04  48.6%
Clock                 -1.85e-10   0.00e+00   3.49e-08   3.47e-08   0.0%
Macro                  0.00e+00   0.00e+00   0.00e+00   0.00e+00   0.0%
Pad                    0.00e+00   0.00e+00   0.00e+00   0.00e+00   0.0%
----------------------------------------------------------------
Total                  4.12e-04   4.86e-04   8.61e-05   9.84e-04 100.0%
                          41.9%      49.4%       8.7%

======================= Typical Corner ===================================

Group                  Internal  Switching    Leakage      Total
                          Power      Power      Power      Power (Watts)
----------------------------------------------------------------
Sequential             3.00e-04   3.28e-04   4.11e-09   6.28e-04  55.6%
Combinational          2.09e-04   2.93e-04   6.44e-08   5.02e-04  44.4%
Clock                  9.52e-12   0.00e+00   3.48e-08   3.48e-08   0.0%
Macro                  0.00e+00   0.00e+00   0.00e+00   0.00e+00   0.0%
Pad                    0.00e+00   0.00e+00   0.00e+00   0.00e+00   0.0%
----------------------------------------------------------------
Total                  5.09e-04   6.21e-04   1.03e-07   1.13e-03 100.0%
                          45.0%      55.0%       0.0%

